INFO [2020-03-03 23:34:15] [[1]]
INFO [2020-03-03 23:34:15] list(B = 1:1800, A = 1571:2020)
INFO [2020-03-03 23:34:15] 
INFO [2020-03-03 23:34:15] $fill
INFO [2020-03-03 23:34:15] c("red", "green")
INFO [2020-03-03 23:34:15] 
INFO [2020-03-03 23:34:15] $alpha
INFO [2020-03-03 23:34:15] c(0.5, 0.5)
INFO [2020-03-03 23:34:15] 
INFO [2020-03-03 23:34:15] $cex
INFO [2020-03-03 23:34:15] [1] 2
INFO [2020-03-03 23:34:15] 
INFO [2020-03-03 23:34:15] $cat.fontface
INFO [2020-03-03 23:34:15] [1] 4
INFO [2020-03-03 23:34:15] 
INFO [2020-03-03 23:34:15] $lty
INFO [2020-03-03 23:34:15] [1] 2
INFO [2020-03-03 23:34:15] 
INFO [2020-03-03 23:34:15] $fontfamily
INFO [2020-03-03 23:34:15] [1] 3
INFO [2020-03-03 23:34:15] 
INFO [2020-03-03 23:34:15] $filename
INFO [2020-03-03 23:34:15] [1] "trial2.emf"
INFO [2020-03-03 23:34:15] 
