INFO [2020-03-03 23:23:59] [[1]]
INFO [2020-03-03 23:23:59] list(B = 1:1800, A = 1571:2020)
INFO [2020-03-03 23:23:59] 
INFO [2020-03-03 23:23:59] $fill
INFO [2020-03-03 23:23:59] c("red", "green")
INFO [2020-03-03 23:23:59] 
INFO [2020-03-03 23:23:59] $alpha
INFO [2020-03-03 23:23:59] c(0.5, 0.5)
INFO [2020-03-03 23:23:59] 
INFO [2020-03-03 23:23:59] $cex
INFO [2020-03-03 23:23:59] [1] 2
INFO [2020-03-03 23:23:59] 
INFO [2020-03-03 23:23:59] $cat.fontface
INFO [2020-03-03 23:23:59] [1] 4
INFO [2020-03-03 23:23:59] 
INFO [2020-03-03 23:23:59] $lty
INFO [2020-03-03 23:23:59] [1] 2
INFO [2020-03-03 23:23:59] 
INFO [2020-03-03 23:23:59] $fontfamily
INFO [2020-03-03 23:23:59] [1] 3
INFO [2020-03-03 23:23:59] 
INFO [2020-03-03 23:23:59] $filename
INFO [2020-03-03 23:23:59] [1] "trial2.emf"
INFO [2020-03-03 23:23:59] 
