INFO [2020-03-03 23:24:18] [[1]]
INFO [2020-03-03 23:24:18] list(B = 1:1800, A = 1571:2020)
INFO [2020-03-03 23:24:18] 
INFO [2020-03-03 23:24:18] $fill
INFO [2020-03-03 23:24:18] c("red", "green")
INFO [2020-03-03 23:24:18] 
INFO [2020-03-03 23:24:18] $alpha
INFO [2020-03-03 23:24:18] c(0.5, 0.5)
INFO [2020-03-03 23:24:18] 
INFO [2020-03-03 23:24:18] $cex
INFO [2020-03-03 23:24:18] [1] 2
INFO [2020-03-03 23:24:18] 
INFO [2020-03-03 23:24:18] $cat.fontface
INFO [2020-03-03 23:24:18] [1] 4
INFO [2020-03-03 23:24:18] 
INFO [2020-03-03 23:24:18] $lty
INFO [2020-03-03 23:24:18] [1] 2
INFO [2020-03-03 23:24:18] 
INFO [2020-03-03 23:24:18] $fontfamily
INFO [2020-03-03 23:24:18] [1] 3
INFO [2020-03-03 23:24:18] 
INFO [2020-03-03 23:24:18] $filename
INFO [2020-03-03 23:24:18] [1] "trial2.emf"
INFO [2020-03-03 23:24:18] 
