INFO [2020-03-02 17:39:26] [[1]]
INFO [2020-03-02 17:39:26] list(B = 1:1800, A = 1571:2020)
INFO [2020-03-02 17:39:26] 
INFO [2020-03-02 17:39:26] $fill
INFO [2020-03-02 17:39:26] c("red", "green")
INFO [2020-03-02 17:39:26] 
INFO [2020-03-02 17:39:26] $alpha
INFO [2020-03-02 17:39:26] c(0.5, 0.5)
INFO [2020-03-02 17:39:26] 
INFO [2020-03-02 17:39:26] $cex
INFO [2020-03-02 17:39:26] [1] 2
INFO [2020-03-02 17:39:26] 
INFO [2020-03-02 17:39:26] $cat.fontface
INFO [2020-03-02 17:39:26] [1] 4
INFO [2020-03-02 17:39:26] 
INFO [2020-03-02 17:39:26] $lty
INFO [2020-03-02 17:39:26] [1] 2
INFO [2020-03-02 17:39:26] 
INFO [2020-03-02 17:39:26] $fontfamily
INFO [2020-03-02 17:39:26] [1] 3
INFO [2020-03-02 17:39:26] 
INFO [2020-03-02 17:39:26] $filename
INFO [2020-03-02 17:39:26] [1] "trial2.emf"
INFO [2020-03-02 17:39:26] 
